

Microchip Technology PIC LITE Macro Assembler V1.38 build -256452561 
                                                                                               Fri Jan 13 03:41:00 2017

Microchip Technology Omniscient Code Generator v1.38 (Free mode) build 201607010351
     1                           	processor	12F1822
     2                           	opt	pw 120
     3                           	opt	lm
     4                           	psect	idataBANK0,global,class=CODE,delta=2
     5                           	psect	stringtext,global,class=STRCODE,delta=2
     6                           	psect	nvCOMMON,global,class=COMMON,space=1,delta=1
     7                           	psect	nvBANK0,global,class=BANK0,space=1,delta=1
     8                           	psect	cinit,global,class=CODE,merge=1,delta=2
     9                           	psect	dataBANK0,global,class=BANK0,space=1,delta=1
    10                           	psect	cstackCOMMON,global,class=COMMON,space=1,delta=1
    11                           	psect	cstackBANK0,global,class=BANK0,space=1,delta=1
    12                           	psect	maintext,global,class=CODE,merge=1,split=1,delta=2
    13                           	psect	text1,local,class=CODE,merge=1,delta=2
    14                           	psect	text2,local,class=CODE,merge=1,delta=2
    15                           	psect	text3,local,class=CODE,merge=1,delta=2
    16                           	psect	text4,local,class=CODE,merge=1,delta=2
    17                           	psect	text5,local,class=CODE,merge=1,delta=2
    18                           	psect	text6,local,class=CODE,merge=1,delta=2
    19                           	psect	text7,local,class=CODE,merge=1,delta=2
    20                           	psect	text8,local,class=CODE,merge=1,delta=2
    21                           	psect	text9,local,class=CODE,merge=1,delta=2
    22                           	psect	intentry,global,class=CODE,delta=2
    23                           	psect	text11,local,class=CODE,merge=1,delta=2
    24                           	psect	text12,local,class=CODE,merge=1,delta=2
    25                           	dabs	1,0x7E,2
    26  0000                     	;# 
    27  0001                     	;# 
    28  0002                     	;# 
    29  0003                     	;# 
    30  0004                     	;# 
    31  0005                     	;# 
    32  0006                     	;# 
    33  0007                     	;# 
    34  0008                     	;# 
    35  0009                     	;# 
    36  000A                     	;# 
    37  000B                     	;# 
    38  000C                     	;# 
    39  0011                     	;# 
    40  0012                     	;# 
    41  0015                     	;# 
    42  0016                     	;# 
    43  0016                     	;# 
    44  0017                     	;# 
    45  0018                     	;# 
    46  0019                     	;# 
    47  001A                     	;# 
    48  001B                     	;# 
    49  001C                     	;# 
    50  001E                     	;# 
    51  001F                     	;# 
    52  008C                     	;# 
    53  0091                     	;# 
    54  0092                     	;# 
    55  0095                     	;# 
    56  0096                     	;# 
    57  0097                     	;# 
    58  0098                     	;# 
    59  0099                     	;# 
    60  009A                     	;# 
    61  009B                     	;# 
    62  009B                     	;# 
    63  009C                     	;# 
    64  009D                     	;# 
    65  009E                     	;# 
    66  010C                     	;# 
    67  0111                     	;# 
    68  0112                     	;# 
    69  0115                     	;# 
    70  0116                     	;# 
    71  0117                     	;# 
    72  0118                     	;# 
    73  0119                     	;# 
    74  011A                     	;# 
    75  011B                     	;# 
    76  011D                     	;# 
    77  011D                     	;# 
    78  018C                     	;# 
    79  0191                     	;# 
    80  0191                     	;# 
    81  0192                     	;# 
    82  0193                     	;# 
    83  0193                     	;# 
    84  0193                     	;# 
    85  0194                     	;# 
    86  0195                     	;# 
    87  0196                     	;# 
    88  0199                     	;# 
    89  019A                     	;# 
    90  019B                     	;# 
    91  019B                     	;# 
    92  019B                     	;# 
    93  019B                     	;# 
    94  019C                     	;# 
    95  019C                     	;# 
    96  019D                     	;# 
    97  019E                     	;# 
    98  019F                     	;# 
    99  020C                     	;# 
   100  0211                     	;# 
   101  0211                     	;# 
   102  0212                     	;# 
   103  0212                     	;# 
   104  0213                     	;# 
   105  0213                     	;# 
   106  0214                     	;# 
   107  0214                     	;# 
   108  0215                     	;# 
   109  0215                     	;# 
   110  0215                     	;# 
   111  0216                     	;# 
   112  0216                     	;# 
   113  0217                     	;# 
   114  0217                     	;# 
   115  0291                     	;# 
   116  0291                     	;# 
   117  0292                     	;# 
   118  0293                     	;# 
   119  0294                     	;# 
   120  0295                     	;# 
   121  0295                     	;# 
   122  0296                     	;# 
   123  0391                     	;# 
   124  0392                     	;# 
   125  0393                     	;# 
   126  039A                     	;# 
   127  039C                     	;# 
   128  039D                     	;# 
   129  039E                     	;# 
   130  039F                     	;# 
   131  0FE4                     	;# 
   132  0FE5                     	;# 
   133  0FE6                     	;# 
   134  0FE7                     	;# 
   135  0FE8                     	;# 
   136  0FE9                     	;# 
   137  0FEA                     	;# 
   138  0FEB                     	;# 
   139  0FED                     	;# 
   140  0FEE                     	;# 
   141  0FEF                     	;# 
   142                           
   143                           	psect	idataBANK0
   144  01BB                     __pidataBANK0:	
   145                           
   146                           ;initializer for _flg_fst
   147  01BB  3401               	retlw	1
   148  01BC  3400               	retlw	0
   149                           
   150                           	psect	stringtext
   151  017E                     __pstringtext:	
   152  017E                     _rom_len:	
   153  017E  34FC               	retlw	252
   154  017F  3413               	retlw	19
   155  0180  34CD               	retlw	205
   156  0181  341F               	retlw	31
   157  0182  3470               	retlw	112
   158  0183  3409               	retlw	9
   159  0184  348E               	retlw	142
   160  0185  3401               	retlw	1
   161  0186                     __end_of_rom_len:	
   162  0186                     _rom_pos:	
   163  0186  3400               	retlw	0
   164  0187  3400               	retlw	0
   165  0188  3400               	retlw	0
   166  0189  3420               	retlw	32
   167  018A  3400               	retlw	0
   168  018B  3440               	retlw	64
   169  018C  3400               	retlw	0
   170  018D  3460               	retlw	96
   171  018E                     __end_of_rom_pos:	
   172                           
   173                           	psect	nvCOMMON
   174  0077                     __pnvCOMMON:	
   175  0077                     _snd_pos:	
   176  0077                     	ds	2
   177                           
   178                           	psect	nvBANK0
   179  002C                     __pnvBANK0:	
   180  002C                     _snd_max:	
   181  002C                     	ds	2
   182  000C                     _PORTA	set	12
   183  001B                     _PR2	set	27
   184  001C                     _T2CON	set	28
   185  0015                     _TMR0	set	21
   186  001A                     _TMR2	set	26
   187  005F                     _GIE	set	95
   188  0060                     _RA0	set	96
   189  0063                     _RA3	set	99
   190  0064                     _RA4	set	100
   191  005D                     _TMR0IE	set	93
   192  005A                     _TMR0IF	set	90
   193  00E2                     _TMR2ON	set	226
   194  0095                     _OPTION_REG	set	149
   195  0099                     _OSCCON	set	153
   196  008C                     _TRISA	set	140
   197  08E8                     _CCP1SEL	set	2280
   198  018C                     _ANSELA	set	396
   199  0212                     _SSP1ADD	set	530
   200  0211                     _SSP1BUF	set	529
   201  0215                     _SSP1CON1	set	533
   202  0216                     _SSP1CON2	set	534
   203  0216                     _SSP1CON2bits	set	534
   204  0214                     _SSP1STAT	set	532
   205  0214                     _SSP1STATbits	set	532
   206  020C                     _WPUA	set	524
   207  0293                     _CCP1CON	set	659
   208  0292                     _CCPR1H	set	658
   209  0291                     _CCPR1L	set	657
   210                           
   211                           ; #config settings
   212  0000                     
   213                           	psect	cinit
   214  002A                     start_initialization:	
   215  002A                     __initialization:	
   216                           
   217                           ; Initialize objects allocated to BANK0
   218  002A  21BB               	fcall	__pidataBANK0	;fetch initializer
   219  002B  00AE               	movwf	__pdataBANK0& (0+127)
   220  002C  21BC               	fcall	__pidataBANK0+1	;fetch initializer
   221  002D  00AF               	movwf	(__pdataBANK0+1)& (0+127)
   222  002E                     end_of_initialization:	
   223                           ;End of C runtime variable initialization code
   224                           
   225  002E                     __end_of__initialization:	
   226  002E  107E               	bcf	int$flags,0	;clear compiler interrupt flag (level 1)
   227  002F  0020               	movlb	0
   228  0030  28EC               	ljmp	_main	;jump to C main() function
   229                           
   230                           	psect	dataBANK0
   231  002E                     __pdataBANK0:	
   232  002E                     _flg_fst:	
   233  002E                     	ds	2
   234                           
   235                           	psect	cstackCOMMON
   236  0070                     __pcstackCOMMON:	
   237  0070                     ?_i2c_enable:	
   238  0070                     ?_i2c_disable:	
   239                           ; 1 bytes @ 0x0
   240                           
   241  0070                     ?_i2c_wait:	
   242                           ; 1 bytes @ 0x0
   243                           
   244  0070                     ?_i2c_start:	
   245                           ; 1 bytes @ 0x0
   246                           
   247  0070                     ?_i2c_repeat_start:	
   248                           ; 1 bytes @ 0x0
   249                           
   250  0070                     ?_i2c_stop:	
   251                           ; 1 bytes @ 0x0
   252                           
   253  0070                     ?_i2c_send_byte:	
   254                           ; 1 bytes @ 0x0
   255                           
   256  0070                     ?_InterTimer:	
   257                           ; 1 bytes @ 0x0
   258                           
   259  0070                     ?_main:	
   260                           ; 1 bytes @ 0x0
   261                           
   262  0070                     ?i1_i2c_wait:	
   263                           ; 1 bytes @ 0x0
   264                           
   265  0070                     ??i1_i2c_wait:	
   266                           ; 1 bytes @ 0x0
   267                           
   268  0070                     ?i1_i2c_read_byte:	
   269                           ; 1 bytes @ 0x0
   270                           
   271  0070                     i1i2c_read_byte@ack:	
   272                           ; 1 bytes @ 0x0
   273                           
   274                           
   275                           ; 2 bytes @ 0x0
   276  0070                     	ds	2
   277  0072                     ??i1_i2c_read_byte:	
   278                           
   279                           ; 1 bytes @ 0x2
   280  0072                     	ds	1
   281  0073                     i1i2c_read_byte@data:	
   282                           
   283                           ; 1 bytes @ 0x3
   284  0073                     	ds	1
   285  0074                     ??_InterTimer:	
   286                           
   287                           ; 1 bytes @ 0x4
   288  0074                     	ds	1
   289  0075                     ??_i2c_enable:	
   290  0075                     ??_i2c_disable:	
   291                           ; 1 bytes @ 0x5
   292                           
   293  0075                     ??_i2c_wait:	
   294                           ; 1 bytes @ 0x5
   295                           
   296  0075                     ??_i2c_start:	
   297                           ; 1 bytes @ 0x5
   298                           
   299  0075                     ??_i2c_repeat_start:	
   300                           ; 1 bytes @ 0x5
   301                           
   302  0075                     ??_i2c_stop:	
   303                           ; 1 bytes @ 0x5
   304                           
   305  0075                     ??_i2c_send_byte:	
   306                           ; 1 bytes @ 0x5
   307                           
   308  0075                     ?_i2c_read_byte:	
   309                           ; 1 bytes @ 0x5
   310                           
   311  0075                     i2c_send_byte@data:	
   312                           ; 1 bytes @ 0x5
   313                           
   314  0075                     i2c_read_byte@ack:	
   315                           ; 1 bytes @ 0x5
   316                           
   317                           
   318                           ; 2 bytes @ 0x5
   319  0075                     	ds	2
   320                           
   321                           	psect	cstackBANK0
   322  0020                     __pcstackBANK0:	
   323  0020                     ??_i2c_read_byte:	
   324                           
   325                           ; 1 bytes @ 0x0
   326  0020                     	ds	1
   327  0021                     i2c_read_byte@data:	
   328                           
   329                           ; 1 bytes @ 0x1
   330  0021                     	ds	1
   331  0022                     ?_play_sound:	
   332  0022                     play_sound@sel:	
   333                           ; 1 bytes @ 0x2
   334                           
   335                           
   336                           ; 2 bytes @ 0x2
   337  0022                     	ds	2
   338  0024                     ??_play_sound:	
   339                           
   340                           ; 1 bytes @ 0x4
   341  0024                     	ds	3
   342  0027                     play_sound@addr_h:	
   343                           
   344                           ; 1 bytes @ 0x7
   345  0027                     	ds	1
   346  0028                     play_sound@addr_l:	
   347                           
   348                           ; 1 bytes @ 0x8
   349  0028                     	ds	1
   350  0029                     ??_main:	
   351                           
   352                           ; 1 bytes @ 0x9
   353  0029                     	ds	3
   354                           
   355                           	psect	maintext
   356  00EC                     __pmaintext:	
   357 ;;
   358 ;;Main: autosize = 0, tempsize = 3, incstack = 0, save=0
   359 ;;
   360 ;; *************** function _main *****************
   361 ;; Defined at:
   362 ;;		line 168 in file "main.c"
   363 ;; Parameters:    Size  Location     Type
   364 ;;		None
   365 ;; Auto vars:     Size  Location     Type
   366 ;;		None
   367 ;; Return value:  Size  Location     Type
   368 ;;                  1    wreg      void 
   369 ;; Registers used:
   370 ;;		wreg, fsr0l, fsr0h, status,2, status,0, pclath, cstack
   371 ;; Tracked objects:
   372 ;;		On entry : B1F/0
   373 ;;		On exit  : 0/0
   374 ;;		Unchanged: 0/0
   375 ;; Data sizes:     COMMON   BANK0   BANK1
   376 ;;      Params:         0       0       0
   377 ;;      Locals:         0       0       0
   378 ;;      Temps:          0       3       0
   379 ;;      Totals:         0       3       0
   380 ;;Total ram usage:        3 bytes
   381 ;; Hardware stack levels required when called:    6
   382 ;; This function calls:
   383 ;;		_i2c_disable
   384 ;;		_i2c_enable
   385 ;;		_play_sound
   386 ;; This function is called by:
   387 ;;		Startup code after reset
   388 ;; This function uses a non-reentrant model
   389 ;;
   390                           
   391                           
   392                           ;psect for function _main
   393  00EC                     _main:	
   394                           
   395                           ;main.c: 171: OSCCON = 0b01110000;
   396                           
   397                           ;incstack = 0
   398                           ; Regs used in _main: [wreg-fsr0h+status,2+status,0+pclath+cstack]
   399  00EC  3070               	movlw	112
   400  00ED  0021               	movlb	1	; select bank1
   401  00EE  0099               	movwf	25	;volatile
   402                           
   403                           ;main.c: 172: ANSELA = 0b00000000;
   404  00EF  0023               	movlb	3	; select bank3
   405  00F0  018C               	clrf	12	;volatile
   406                           
   407                           ;main.c: 173: TRISA = 0b00011111;
   408  00F1  301F               	movlw	31
   409  00F2  0021               	movlb	1	; select bank1
   410  00F3  008C               	movwf	12	;volatile
   411                           
   412                           ;main.c: 174: WPUA = 0b00011111;
   413  00F4  301F               	movlw	31
   414  00F5  0024               	movlb	4	; select bank4
   415  00F6  008C               	movwf	12	;volatile
   416                           
   417                           ;main.c: 175: PORTA = 0b00000000;
   418  00F7  0020               	movlb	0	; select bank0
   419  00F8  018C               	clrf	12	;volatile
   420                           
   421                           ;main.c: 178: CCP1SEL = 1;
   422  00F9  0022               	movlb	2	; select bank2
   423  00FA  141D               	bsf	29,0	;volatile
   424                           
   425                           ;main.c: 179: CCP1CON = 0b00001100;
   426  00FB  300C               	movlw	12
   427  00FC  0025               	movlb	5	; select bank5
   428  00FD  0093               	movwf	19	;volatile
   429                           
   430                           ;main.c: 180: T2CON = 0b00000000;
   431  00FE  0020               	movlb	0	; select bank0
   432  00FF  019C               	clrf	28	;volatile
   433                           
   434                           ;main.c: 181: CCPR1L = 0;
   435  0100  0025               	movlb	5	; select bank5
   436  0101  0191               	clrf	17	;volatile
   437                           
   438                           ;main.c: 182: CCPR1H = 0;
   439  0102  0192               	clrf	18	;volatile
   440                           
   441                           ;main.c: 183: TMR2 = 0;
   442  0103  0020               	movlb	0	; select bank0
   443  0104  019A               	clrf	26	;volatile
   444                           
   445                           ;main.c: 184: PR2 = 0b11111111 ;
   446  0105  30FF               	movlw	255
   447  0106  009B               	movwf	27	;volatile
   448                           
   449                           ;main.c: 185: TMR2ON = 1;
   450  0107  151C               	bsf	28,2	;volatile
   451                           
   452                           ;main.c: 188: OPTION_REG = 0b00000001;
   453  0108  3001               	movlw	1
   454  0109  0021               	movlb	1	; select bank1
   455  010A  0095               	movwf	21	;volatile
   456                           
   457                           ;main.c: 189: TMR0 = 0;
   458  010B  0020               	movlb	0	; select bank0
   459  010C  0195               	clrf	21	;volatile
   460                           
   461                           ;main.c: 190: TMR0IF = 0;
   462  010D  110B               	bcf	11,2	;volatile
   463                           
   464                           ;main.c: 191: TMR0IE = 1;
   465  010E  168B               	bsf	11,5	;volatile
   466                           
   467                           ;main.c: 192: GIE = 1;
   468  010F  178B               	bsf	11,7	;volatile
   469                           
   470                           ;main.c: 195: snd_max = rom_len[0];
   471  0110  307E               	movlw	low (_rom_len| (0+32768))
   472  0111  0084               	movwf	4
   473  0112  3081               	movlw	high (_rom_len| (0+32768))
   474  0113  0085               	movwf	5
   475  0114  3F00               	moviw [0]fsr0
   476  0115  00AC               	movwf	_snd_max
   477  0116  3F01               	moviw [1]fsr0
   478  0117  00AD               	movwf	_snd_max+1
   479                           
   480                           ;main.c: 196: snd_pos = snd_max;
   481  0118  082D               	movf	_snd_max+1,w
   482  0119  00F8               	movwf	_snd_pos+1
   483  011A  082C               	movf	_snd_max,w
   484  011B  00F7               	movwf	_snd_pos
   485                           
   486                           ;main.c: 199: i2c_enable();
   487  011C  219E               	fcall	_i2c_enable
   488                           
   489                           ;main.c: 201: _delay((unsigned long)((500)*(32000000/4000.0)));
   490  011D  3015               	movlw	21
   491  011E  0020               	movlb	0	; select bank0
   492  011F  00AB               	movwf	??_main+2
   493  0120  304B               	movlw	75
   494  0121  00AA               	movwf	??_main+1
   495  0122  30D1               	movlw	209
   496  0123  00A9               	movwf	??_main
   497  0124                     u327:	
   498  0124  0BA9               	decfsz	??_main,f
   499  0125  2924               	goto	u327
   500  0126  0BAA               	decfsz	??_main+1,f
   501  0127  2924               	goto	u327
   502  0128  0BAB               	decfsz	??_main+2,f
   503  0129  2924               	goto	u327
   504  012A  0000               	nop
   505  012B                     l1067:	
   506                           ;main.c: 203: while(1) {
   507                           
   508                           
   509                           ;main.c: 204: if (RA0 == 0) {
   510  012B  0020               	movlb	0	; select bank0
   511  012C  180C               	btfsc	12,0	;volatile
   512  012D  2932               	goto	l1071
   513                           
   514                           ;main.c: 205: play_sound(0);
   515  012E  3000               	movlw	0
   516  012F  00A2               	movwf	play_sound@sel
   517  0130  00A3               	movwf	play_sound@sel+1
   518  0131  2031               	fcall	_play_sound
   519  0132                     l1071:	
   520                           
   521                           ;main.c: 206: }
   522                           ;main.c: 207: if (RA3 == 0) {
   523  0132  0020               	movlb	0	; select bank0
   524  0133  198C               	btfsc	12,3	;volatile
   525  0134  293A               	goto	l1075
   526                           
   527                           ;main.c: 208: play_sound(1);
   528  0135  3001               	movlw	1
   529  0136  00A2               	movwf	play_sound@sel
   530  0137  3000               	movlw	0
   531  0138  00A3               	movwf	play_sound@sel+1
   532  0139  2031               	fcall	_play_sound
   533  013A                     l1075:	
   534                           
   535                           ;main.c: 209: }
   536                           ;main.c: 210: if (RA4 == 0) {
   537  013A  0020               	movlb	0	; select bank0
   538  013B  1A0C               	btfsc	12,4	;volatile
   539  013C  2942               	goto	l1079
   540                           
   541                           ;main.c: 211: play_sound(2);
   542  013D  3002               	movlw	2
   543  013E  00A2               	movwf	play_sound@sel
   544  013F  3000               	movlw	0
   545  0140  00A3               	movwf	play_sound@sel+1
   546  0141  2031               	fcall	_play_sound
   547  0142                     l1079:	
   548                           
   549                           ;main.c: 212: }
   550                           ;main.c: 213: _delay((unsigned long)((100)*(32000000/4000.0)));
   551  0142  3005               	movlw	5
   552  0143  0020               	movlb	0	; select bank0
   553  0144  00AB               	movwf	??_main+2
   554  0145  300F               	movlw	15
   555  0146  00AA               	movwf	??_main+1
   556  0147  30F4               	movlw	244
   557  0148  00A9               	movwf	??_main
   558  0149                     u337:	
   559  0149  0BA9               	decfsz	??_main,f
   560  014A  2949               	goto	u337
   561  014B  0BAA               	decfsz	??_main+1,f
   562  014C  2949               	goto	u337
   563  014D  0BAB               	decfsz	??_main+2,f
   564  014E  2949               	goto	u337
   565  014F  292B               	goto	l1067
   566  0150                     __end_of_main:	
   567                           ;main.c: 217: return;
   568                           
   569                           ;main.c: 214: }
   570                           ;main.c: 216: i2c_disable();
   571                           
   572                           
   573                           	psect	text1
   574  0031                     __ptext1:	
   575 ;; *************** function _play_sound *****************
   576 ;; Defined at:
   577 ;;		line 112 in file "main.c"
   578 ;; Parameters:    Size  Location     Type
   579 ;;  sel             2    2[BANK0 ] unsigned int 
   580 ;; Auto vars:     Size  Location     Type
   581 ;;  addr_l          1    8[BANK0 ] unsigned char 
   582 ;;  addr_h          1    7[BANK0 ] unsigned char 
   583 ;; Return value:  Size  Location     Type
   584 ;;                  1    wreg      void 
   585 ;; Registers used:
   586 ;;		wreg, fsr0l, fsr0h, status,2, status,0, pclath, cstack
   587 ;; Tracked objects:
   588 ;;		On entry : 0/0
   589 ;;		On exit  : 0/0
   590 ;;		Unchanged: 0/0
   591 ;; Data sizes:     COMMON   BANK0   BANK1
   592 ;;      Params:         0       2       0
   593 ;;      Locals:         0       2       0
   594 ;;      Temps:          0       3       0
   595 ;;      Totals:         0       7       0
   596 ;;Total ram usage:        7 bytes
   597 ;; Hardware stack levels used:    1
   598 ;; Hardware stack levels required when called:    5
   599 ;; This function calls:
   600 ;;		_i2c_read_byte
   601 ;;		_i2c_repeat_start
   602 ;;		_i2c_send_byte
   603 ;;		_i2c_start
   604 ;;		_i2c_stop
   605 ;; This function is called by:
   606 ;;		_main
   607 ;; This function uses a non-reentrant model
   608 ;;
   609                           
   610                           
   611                           ;psect for function _play_sound
   612  0031                     _play_sound:	
   613                           
   614                           ;main.c: 116: if (flg_fst == 0){
   615                           
   616                           ;incstack = 0
   617                           ; Regs used in _play_sound: [wreg-fsr0h+status,2+status,0+pclath+cstack]
   618  0031  0020               	movlb	0	; select bank0
   619  0032  082E               	movf	_flg_fst,w
   620  0033  042F               	iorwf	_flg_fst+1,w
   621  0034  1D03               	btfss	3,2
   622  0035  2862               	goto	l995
   623                           
   624                           ;main.c: 117: snd_pos = snd_max;
   625  0036  082D               	movf	_snd_max+1,w
   626  0037  00F8               	movwf	_snd_pos+1
   627  0038  082C               	movf	_snd_max,w
   628  0039  00F7               	movwf	_snd_pos
   629                           
   630                           ;main.c: 118: _delay((unsigned long)((10)*(32000000/4000.0)));
   631  003A  3068               	movlw	104
   632  003B  00A5               	movwf	??_play_sound+1
   633  003C  30E4               	movlw	228
   634  003D  00A4               	movwf	??_play_sound
   635  003E                     u347:	
   636  003E  0BA4               	decfsz	??_play_sound,f
   637  003F  283E               	goto	u347
   638  0040  0BA5               	decfsz	??_play_sound+1,f
   639  0041  283E               	goto	u347
   640  0042  0000               	nop
   641                           
   642                           ;main.c: 119: CCPR1L = i2c_read_byte(0);
   643  0043  3000               	movlw	0
   644  0044  00F5               	movwf	i2c_read_byte@ack
   645  0045  00F6               	movwf	i2c_read_byte@ack+1
   646  0046  2150               	fcall	_i2c_read_byte
   647  0047  0025               	movlb	5	; select bank5
   648  0048  0091               	movwf	17	;volatile
   649                           
   650                           ;main.c: 120: _delay((unsigned long)((10)*(32000000/4000.0)));
   651  0049  3068               	movlw	104
   652  004A  0020               	movlb	0	; select bank0
   653  004B  00A5               	movwf	??_play_sound+1
   654  004C  30E4               	movlw	228
   655  004D  00A4               	movwf	??_play_sound
   656  004E                     u357:	
   657  004E  0BA4               	decfsz	??_play_sound,f
   658  004F  284E               	goto	u357
   659  0050  0BA5               	decfsz	??_play_sound+1,f
   660  0051  284E               	goto	u357
   661  0052  0000               	nop
   662                           
   663                           ;main.c: 121: i2c_stop();
   664  0053  21AB               	fcall	_i2c_stop
   665                           
   666                           ;main.c: 122: _delay((unsigned long)((30)*(32000000/4000.0)));
   667  0054  3002               	movlw	2
   668  0055  0020               	movlb	0	; select bank0
   669  0056  00A6               	movwf	??_play_sound+2
   670  0057  3038               	movlw	56
   671  0058  00A5               	movwf	??_play_sound+1
   672  0059  30AD               	movlw	173
   673  005A  00A4               	movwf	??_play_sound
   674  005B                     u367:	
   675  005B  0BA4               	decfsz	??_play_sound,f
   676  005C  285B               	goto	u367
   677  005D  0BA5               	decfsz	??_play_sound+1,f
   678  005E  285B               	goto	u367
   679  005F  0BA6               	decfsz	??_play_sound+2,f
   680  0060  285B               	goto	u367
   681                           
   682                           ;main.c: 123: } else {
   683  0061  2865               	goto	l997
   684  0062                     l995:	
   685                           
   686                           ;main.c: 124: flg_fst = 0;
   687  0062  0020               	movlb	0	; select bank0
   688  0063  01AE               	clrf	_flg_fst
   689  0064  01AF               	clrf	_flg_fst+1
   690  0065                     l997:	
   691                           
   692                           ;main.c: 125: }
   693                           ;main.c: 127: unsigned char addr_h;
   694                           ;main.c: 128: unsigned char addr_l;
   695                           ;main.c: 129: addr_l = rom_pos[sel] & 0x00FF;
   696  0065  0020               	movlb	0	; select bank0
   697  0066  0823               	movf	play_sound@sel+1,w
   698  0067  0085               	movwf	5
   699  0068  0822               	movf	play_sound@sel,w
   700  0069  0084               	movwf	4
   701  006A  3584               	lslf	4,f
   702  006B  0D85               	rlf	5,f
   703  006C  3086               	movlw	low (_rom_pos| (0+32768))
   704  006D  0784               	addwf	4,f
   705  006E  3081               	movlw	high (_rom_pos| (0+32768))
   706  006F  3D85               	addwfc	5,f
   707  0070  0800               	movf	0,w	;code access
   708  0071  00A4               	movwf	??_play_sound
   709  0072  0824               	movf	??_play_sound,w
   710  0073  00A8               	movwf	play_sound@addr_l
   711                           
   712                           ;main.c: 130: addr_h = rom_pos[sel] >> 8;
   713  0074  0823               	movf	play_sound@sel+1,w
   714  0075  0085               	movwf	5
   715  0076  0822               	movf	play_sound@sel,w
   716  0077  0084               	movwf	4
   717  0078  3584               	lslf	4,f
   718  0079  0D85               	rlf	5,f
   719  007A  3086               	movlw	low (_rom_pos| (0+32768))
   720  007B  0784               	addwf	4,f
   721  007C  3081               	movlw	high (_rom_pos| (0+32768))
   722  007D  3D85               	addwfc	5,f
   723  007E  3F00               	moviw [0]fsr0
   724  007F  00A4               	movwf	??_play_sound
   725  0080  3F01               	moviw [1]fsr0
   726  0081  00A5               	movwf	??_play_sound+1
   727  0082  0825               	movf	??_play_sound+1,w
   728  0083  00A6               	movwf	??_play_sound+2
   729  0084  0826               	movf	??_play_sound+2,w
   730  0085  00A7               	movwf	play_sound@addr_h
   731                           
   732                           ;main.c: 132: i2c_start();
   733  0086  21AF               	fcall	_i2c_start
   734                           
   735                           ;main.c: 133: _delay((unsigned long)((1)*(32000000/4000.0)));
   736  0087  300B               	movlw	11
   737  0088  0020               	movlb	0	; select bank0
   738  0089  00A5               	movwf	??_play_sound+1
   739  008A  3062               	movlw	98
   740  008B  00A4               	movwf	??_play_sound
   741  008C                     u377:	
   742  008C  0BA4               	decfsz	??_play_sound,f
   743  008D  288C               	goto	u377
   744  008E  0BA5               	decfsz	??_play_sound+1,f
   745  008F  288C               	goto	u377
   746  0090  0000               	nop
   747                           
   748                           ;main.c: 134: i2c_send_byte(0b10100000);
   749  0091  30A0               	movlw	160
   750  0092  21A5               	fcall	_i2c_send_byte
   751                           
   752                           ;main.c: 135: _delay((unsigned long)((1)*(32000000/4000.0)));
   753  0093  300B               	movlw	11
   754  0094  0020               	movlb	0	; select bank0
   755  0095  00A5               	movwf	??_play_sound+1
   756  0096  3062               	movlw	98
   757  0097  00A4               	movwf	??_play_sound
   758  0098                     u387:	
   759  0098  0BA4               	decfsz	??_play_sound,f
   760  0099  2898               	goto	u387
   761  009A  0BA5               	decfsz	??_play_sound+1,f
   762  009B  2898               	goto	u387
   763  009C  0000               	nop
   764                           
   765                           ;main.c: 136: i2c_send_byte(addr_h);
   766  009D  0020               	movlb	0	; select bank0
   767  009E  0827               	movf	play_sound@addr_h,w
   768  009F  21A5               	fcall	_i2c_send_byte
   769                           
   770                           ;main.c: 137: _delay((unsigned long)((1)*(32000000/4000.0)));
   771  00A0  300B               	movlw	11
   772  00A1  0020               	movlb	0	; select bank0
   773  00A2  00A5               	movwf	??_play_sound+1
   774  00A3  3062               	movlw	98
   775  00A4  00A4               	movwf	??_play_sound
   776  00A5                     u397:	
   777  00A5  0BA4               	decfsz	??_play_sound,f
   778  00A6  28A5               	goto	u397
   779  00A7  0BA5               	decfsz	??_play_sound+1,f
   780  00A8  28A5               	goto	u397
   781  00A9  0000               	nop
   782                           
   783                           ;main.c: 138: i2c_send_byte(addr_l);
   784  00AA  0020               	movlb	0	; select bank0
   785  00AB  0828               	movf	play_sound@addr_l,w
   786  00AC  21A5               	fcall	_i2c_send_byte
   787                           
   788                           ;main.c: 139: _delay((unsigned long)((10)*(32000000/4000.0)));
   789  00AD  3068               	movlw	104
   790  00AE  0020               	movlb	0	; select bank0
   791  00AF  00A5               	movwf	??_play_sound+1
   792  00B0  30E4               	movlw	228
   793  00B1  00A4               	movwf	??_play_sound
   794  00B2                     u407:	
   795  00B2  0BA4               	decfsz	??_play_sound,f
   796  00B3  28B2               	goto	u407
   797  00B4  0BA5               	decfsz	??_play_sound+1,f
   798  00B5  28B2               	goto	u407
   799  00B6  0000               	nop
   800                           
   801                           ;main.c: 141: i2c_repeat_start();
   802  00B7  21B3               	fcall	_i2c_repeat_start
   803                           
   804                           ;main.c: 142: _delay((unsigned long)((1)*(32000000/4000.0)));
   805  00B8  300B               	movlw	11
   806  00B9  0020               	movlb	0	; select bank0
   807  00BA  00A5               	movwf	??_play_sound+1
   808  00BB  3062               	movlw	98
   809  00BC  00A4               	movwf	??_play_sound
   810  00BD                     u417:	
   811  00BD  0BA4               	decfsz	??_play_sound,f
   812  00BE  28BD               	goto	u417
   813  00BF  0BA5               	decfsz	??_play_sound+1,f
   814  00C0  28BD               	goto	u417
   815  00C1  0000               	nop
   816                           
   817                           ;main.c: 143: i2c_send_byte(0b10100001);
   818  00C2  30A1               	movlw	161
   819  00C3  21A5               	fcall	_i2c_send_byte
   820                           
   821                           ;main.c: 144: _delay((unsigned long)((10)*(32000000/4000.0)));
   822  00C4  3068               	movlw	104
   823  00C5  0020               	movlb	0	; select bank0
   824  00C6  00A5               	movwf	??_play_sound+1
   825  00C7  30E4               	movlw	228
   826  00C8  00A4               	movwf	??_play_sound
   827  00C9                     u427:	
   828  00C9  0BA4               	decfsz	??_play_sound,f
   829  00CA  28C9               	goto	u427
   830  00CB  0BA5               	decfsz	??_play_sound+1,f
   831  00CC  28C9               	goto	u427
   832  00CD  0000               	nop
   833                           
   834                           ;main.c: 146: snd_pos = 0;
   835  00CE  01F7               	clrf	_snd_pos
   836  00CF  01F8               	clrf	_snd_pos+1
   837                           
   838                           ;main.c: 147: snd_max = rom_len[sel];
   839  00D0  0020               	movlb	0	; select bank0
   840  00D1  0823               	movf	play_sound@sel+1,w
   841  00D2  0085               	movwf	5
   842  00D3  0822               	movf	play_sound@sel,w
   843  00D4  0084               	movwf	4
   844  00D5  3584               	lslf	4,f
   845  00D6  0D85               	rlf	5,f
   846  00D7  307E               	movlw	low (_rom_len| (0+32768))
   847  00D8  0784               	addwf	4,f
   848  00D9  3081               	movlw	high (_rom_len| (0+32768))
   849  00DA  3D85               	addwfc	5,f
   850  00DB  3F00               	moviw [0]fsr0
   851  00DC  00AC               	movwf	_snd_max
   852  00DD  3F01               	moviw [1]fsr0
   853  00DE  00AD               	movwf	_snd_max+1
   854                           
   855                           ;main.c: 149: _delay((unsigned long)((1000)*(32000000/4000.0)));
   856  00DF  3029               	movlw	41
   857  00E0  00A6               	movwf	??_play_sound+2
   858  00E1  3096               	movlw	150
   859  00E2  00A5               	movwf	??_play_sound+1
   860  00E3  30A6               	movlw	166
   861  00E4  00A4               	movwf	??_play_sound
   862  00E5                     u437:	
   863  00E5  0BA4               	decfsz	??_play_sound,f
   864  00E6  28E5               	goto	u437
   865  00E7  0BA5               	decfsz	??_play_sound+1,f
   866  00E8  28E5               	goto	u437
   867  00E9  0BA6               	decfsz	??_play_sound+2,f
   868  00EA  28E5               	goto	u437
   869  00EB  0008               	return
   870  00EC                     __end_of_play_sound:	
   871                           
   872                           	psect	text2
   873  01AB                     __ptext2:	
   874 ;; *************** function _i2c_stop *****************
   875 ;; Defined at:
   876 ;;		line 80 in file "main.c"
   877 ;; Parameters:    Size  Location     Type
   878 ;;		None
   879 ;; Auto vars:     Size  Location     Type
   880 ;;		None
   881 ;; Return value:  Size  Location     Type
   882 ;;                  1    wreg      void 
   883 ;; Registers used:
   884 ;;		wreg, status,2, status,0, pclath, cstack
   885 ;; Tracked objects:
   886 ;;		On entry : 0/0
   887 ;;		On exit  : 0/0
   888 ;;		Unchanged: 0/0
   889 ;; Data sizes:     COMMON   BANK0   BANK1
   890 ;;      Params:         0       0       0
   891 ;;      Locals:         0       0       0
   892 ;;      Temps:          0       0       0
   893 ;;      Totals:         0       0       0
   894 ;;Total ram usage:        0 bytes
   895 ;; Hardware stack levels used:    1
   896 ;; Hardware stack levels required when called:    4
   897 ;; This function calls:
   898 ;;		_i2c_wait
   899 ;; This function is called by:
   900 ;;		_play_sound
   901 ;; This function uses a non-reentrant model
   902 ;;
   903                           
   904                           
   905                           ;psect for function _i2c_stop
   906  01AB                     _i2c_stop:	
   907                           
   908                           ;main.c: 82: SSP1CON2bits.PEN = 1;
   909                           
   910                           ;incstack = 0
   911                           ; Regs used in _i2c_stop: [wreg+status,2+status,0+pclath+cstack]
   912  01AB  0024               	movlb	4	; select bank4
   913  01AC  1516               	bsf	22,2	;volatile
   914                           
   915                           ;main.c: 83: i2c_wait();
   916  01AD  218E               	fcall	_i2c_wait
   917  01AE  0008               	return
   918  01AF                     __end_of_i2c_stop:	
   919                           
   920                           	psect	text3
   921  01AF                     __ptext3:	
   922 ;; *************** function _i2c_start *****************
   923 ;; Defined at:
   924 ;;		line 66 in file "main.c"
   925 ;; Parameters:    Size  Location     Type
   926 ;;		None
   927 ;; Auto vars:     Size  Location     Type
   928 ;;		None
   929 ;; Return value:  Size  Location     Type
   930 ;;                  1    wreg      void 
   931 ;; Registers used:
   932 ;;		wreg, status,2, status,0, pclath, cstack
   933 ;; Tracked objects:
   934 ;;		On entry : 0/0
   935 ;;		On exit  : 0/0
   936 ;;		Unchanged: 0/0
   937 ;; Data sizes:     COMMON   BANK0   BANK1
   938 ;;      Params:         0       0       0
   939 ;;      Locals:         0       0       0
   940 ;;      Temps:          0       0       0
   941 ;;      Totals:         0       0       0
   942 ;;Total ram usage:        0 bytes
   943 ;; Hardware stack levels used:    1
   944 ;; Hardware stack levels required when called:    4
   945 ;; This function calls:
   946 ;;		_i2c_wait
   947 ;; This function is called by:
   948 ;;		_play_sound
   949 ;; This function uses a non-reentrant model
   950 ;;
   951                           
   952                           
   953                           ;psect for function _i2c_start
   954  01AF                     _i2c_start:	
   955                           
   956                           ;main.c: 68: SSP1CON2bits.SEN = 1;
   957                           
   958                           ;incstack = 0
   959                           ; Regs used in _i2c_start: [wreg+status,2+status,0+pclath+cstack]
   960  01AF  0024               	movlb	4	; select bank4
   961  01B0  1416               	bsf	22,0	;volatile
   962                           
   963                           ;main.c: 69: i2c_wait();
   964  01B1  218E               	fcall	_i2c_wait
   965  01B2  0008               	return
   966  01B3                     __end_of_i2c_start:	
   967                           
   968                           	psect	text4
   969  01A5                     __ptext4:	
   970 ;; *************** function _i2c_send_byte *****************
   971 ;; Defined at:
   972 ;;		line 87 in file "main.c"
   973 ;; Parameters:    Size  Location     Type
   974 ;;  data            1    wreg     unsigned char 
   975 ;; Auto vars:     Size  Location     Type
   976 ;;  data            1    5[COMMON] unsigned char 
   977 ;; Return value:  Size  Location     Type
   978 ;;                  1    wreg      void 
   979 ;; Registers used:
   980 ;;		wreg, status,2, status,0, pclath, cstack
   981 ;; Tracked objects:
   982 ;;		On entry : 0/0
   983 ;;		On exit  : 0/0
   984 ;;		Unchanged: 0/0
   985 ;; Data sizes:     COMMON   BANK0   BANK1
   986 ;;      Params:         0       0       0
   987 ;;      Locals:         1       0       0
   988 ;;      Temps:          0       0       0
   989 ;;      Totals:         1       0       0
   990 ;;Total ram usage:        1 bytes
   991 ;; Hardware stack levels used:    1
   992 ;; Hardware stack levels required when called:    4
   993 ;; This function calls:
   994 ;;		_i2c_wait
   995 ;; This function is called by:
   996 ;;		_play_sound
   997 ;; This function uses a non-reentrant model
   998 ;;
   999                           
  1000                           
  1001                           ;psect for function _i2c_send_byte
  1002  01A5                     _i2c_send_byte:	
  1003                           
  1004                           ;incstack = 0
  1005                           ; Regs used in _i2c_send_byte: [wreg+status,2+status,0+pclath+cstack]
  1006                           ;i2c_send_byte@data stored from wreg
  1007  01A5  00F5               	movwf	i2c_send_byte@data
  1008                           
  1009                           ;main.c: 89: SSP1BUF = data;
  1010  01A6  0875               	movf	i2c_send_byte@data,w
  1011  01A7  0024               	movlb	4	; select bank4
  1012  01A8  0091               	movwf	17	;volatile
  1013                           
  1014                           ;main.c: 90: i2c_wait();
  1015  01A9  218E               	fcall	_i2c_wait
  1016  01AA  0008               	return
  1017  01AB                     __end_of_i2c_send_byte:	
  1018                           
  1019                           	psect	text5
  1020  01B3                     __ptext5:	
  1021 ;; *************** function _i2c_repeat_start *****************
  1022 ;; Defined at:
  1023 ;;		line 73 in file "main.c"
  1024 ;; Parameters:    Size  Location     Type
  1025 ;;		None
  1026 ;; Auto vars:     Size  Location     Type
  1027 ;;		None
  1028 ;; Return value:  Size  Location     Type
  1029 ;;                  1    wreg      void 
  1030 ;; Registers used:
  1031 ;;		wreg, status,2, status,0, pclath, cstack
  1032 ;; Tracked objects:
  1033 ;;		On entry : 0/0
  1034 ;;		On exit  : 0/0
  1035 ;;		Unchanged: 0/0
  1036 ;; Data sizes:     COMMON   BANK0   BANK1
  1037 ;;      Params:         0       0       0
  1038 ;;      Locals:         0       0       0
  1039 ;;      Temps:          0       0       0
  1040 ;;      Totals:         0       0       0
  1041 ;;Total ram usage:        0 bytes
  1042 ;; Hardware stack levels used:    1
  1043 ;; Hardware stack levels required when called:    4
  1044 ;; This function calls:
  1045 ;;		_i2c_wait
  1046 ;; This function is called by:
  1047 ;;		_play_sound
  1048 ;; This function uses a non-reentrant model
  1049 ;;
  1050                           
  1051                           
  1052                           ;psect for function _i2c_repeat_start
  1053  01B3                     _i2c_repeat_start:	
  1054                           
  1055                           ;main.c: 75: SSP1CON2bits.RSEN = 1;
  1056                           
  1057                           ;incstack = 0
  1058                           ; Regs used in _i2c_repeat_start: [wreg+status,2+status,0+pclath+cstack]
  1059  01B3  0024               	movlb	4	; select bank4
  1060  01B4  1496               	bsf	22,1	;volatile
  1061                           
  1062                           ;main.c: 76: i2c_wait();
  1063  01B5  218E               	fcall	_i2c_wait
  1064  01B6  0008               	return
  1065  01B7                     __end_of_i2c_repeat_start:	
  1066                           
  1067                           	psect	text6
  1068  0150                     __ptext6:	
  1069 ;; *************** function _i2c_read_byte *****************
  1070 ;; Defined at:
  1071 ;;		line 94 in file "main.c"
  1072 ;; Parameters:    Size  Location     Type
  1073 ;;  ack             2    5[COMMON] unsigned int 
  1074 ;; Auto vars:     Size  Location     Type
  1075 ;;  data            1    1[BANK0 ] unsigned char 
  1076 ;; Return value:  Size  Location     Type
  1077 ;;                  1    wreg      unsigned char 
  1078 ;; Registers used:
  1079 ;;		wreg, status,2, status,0, pclath, cstack
  1080 ;; Tracked objects:
  1081 ;;		On entry : 0/0
  1082 ;;		On exit  : 0/0
  1083 ;;		Unchanged: 0/0
  1084 ;; Data sizes:     COMMON   BANK0   BANK1
  1085 ;;      Params:         2       0       0
  1086 ;;      Locals:         0       1       0
  1087 ;;      Temps:          0       1       0
  1088 ;;      Totals:         2       2       0
  1089 ;;Total ram usage:        4 bytes
  1090 ;; Hardware stack levels used:    1
  1091 ;; Hardware stack levels required when called:    4
  1092 ;; This function calls:
  1093 ;;		_i2c_wait
  1094 ;; This function is called by:
  1095 ;;		_play_sound
  1096 ;; This function uses a non-reentrant model
  1097 ;;
  1098                           
  1099                           
  1100                           ;psect for function _i2c_read_byte
  1101  0150                     _i2c_read_byte:	
  1102                           
  1103                           ;main.c: 96: SSP1CON2bits.RCEN = 1;
  1104                           
  1105                           ;incstack = 0
  1106                           ; Regs used in _i2c_read_byte: [wreg+status,2+status,0+pclath+cstack]
  1107  0150  0024               	movlb	4	; select bank4
  1108  0151  1596               	bsf	22,3	;volatile
  1109                           
  1110                           ;main.c: 97: i2c_wait();
  1111  0152  218E               	fcall	_i2c_wait
  1112                           
  1113                           ;main.c: 98: unsigned char data = SSP1BUF;
  1114  0153  0024               	movlb	4	; select bank4
  1115  0154  0811               	movf	17,w	;volatile
  1116  0155  0020               	movlb	0	; select bank0
  1117  0156  00A0               	movwf	??_i2c_read_byte
  1118  0157  0820               	movf	??_i2c_read_byte,w
  1119  0158  00A1               	movwf	i2c_read_byte@data
  1120                           
  1121                           ;main.c: 99: i2c_wait();
  1122  0159  218E               	fcall	_i2c_wait
  1123                           
  1124                           ;main.c: 101: if(ack) SSP1CON2bits.ACKDT = 0;
  1125  015A  0875               	movf	i2c_read_byte@ack,w
  1126  015B  0476               	iorwf	i2c_read_byte@ack+1,w
  1127  015C  1903               	btfsc	3,2
  1128  015D  2961               	goto	l95
  1129  015E  0024               	movlb	4	; select bank4
  1130  015F  1296               	bcf	22,5	;volatile
  1131  0160  2963               	goto	l96
  1132  0161                     l95:	
  1133                           
  1134                           ;main.c: 102: else SSP1CON2bits.ACKDT = 1;
  1135  0161  0024               	movlb	4	; select bank4
  1136  0162  1696               	bsf	22,5	;volatile
  1137  0163                     l96:	
  1138                           
  1139                           ;main.c: 104: SSP1CON2bits.ACKEN = 1;
  1140  0163  1616               	bsf	22,4	;volatile
  1141                           
  1142                           ;main.c: 106: i2c_wait();
  1143  0164  218E               	fcall	_i2c_wait
  1144                           
  1145                           ;main.c: 107: return data;
  1146  0165  0020               	movlb	0	; select bank0
  1147  0166  0821               	movf	i2c_read_byte@data,w
  1148  0167  0008               	return
  1149  0168                     __end_of_i2c_read_byte:	
  1150                           
  1151                           	psect	text7
  1152  018E                     __ptext7:	
  1153 ;; *************** function _i2c_wait *****************
  1154 ;; Defined at:
  1155 ;;		line 60 in file "main.c"
  1156 ;; Parameters:    Size  Location     Type
  1157 ;;		None
  1158 ;; Auto vars:     Size  Location     Type
  1159 ;;		None
  1160 ;; Return value:  Size  Location     Type
  1161 ;;                  1    wreg      void 
  1162 ;; Registers used:
  1163 ;;		wreg, status,2
  1164 ;; Tracked objects:
  1165 ;;		On entry : 0/0
  1166 ;;		On exit  : 0/0
  1167 ;;		Unchanged: 0/0
  1168 ;; Data sizes:     COMMON   BANK0   BANK1
  1169 ;;      Params:         0       0       0
  1170 ;;      Locals:         0       0       0
  1171 ;;      Temps:          0       0       0
  1172 ;;      Totals:         0       0       0
  1173 ;;Total ram usage:        0 bytes
  1174 ;; Hardware stack levels used:    1
  1175 ;; Hardware stack levels required when called:    3
  1176 ;; This function calls:
  1177 ;;		Nothing
  1178 ;; This function is called by:
  1179 ;;		_i2c_start
  1180 ;;		_i2c_repeat_start
  1181 ;;		_i2c_stop
  1182 ;;		_i2c_send_byte
  1183 ;;		_i2c_read_byte
  1184 ;; This function uses a non-reentrant model
  1185 ;;
  1186                           
  1187                           
  1188                           ;psect for function _i2c_wait
  1189  018E                     _i2c_wait:	
  1190  018E                     l947:	
  1191                           ;main.c: 62: while ( ( SSP1CON2 & 0x1F ) || ( SSP1STATbits.R_nW ) );
  1192                           
  1193                           ;incstack = 0
  1194                           ; Regs used in _i2c_wait: [wreg+status,2]
  1195                           
  1196  018E  0024               	movlb	4	; select bank4
  1197  018F  0816               	movf	22,w	;volatile
  1198  0190  391F               	andlw	31
  1199  0191  1D03               	btfss	3,2
  1200  0192  298E               	goto	l947
  1201  0193  1D14               	btfss	20,2	;volatile
  1202  0194  0008               	return
  1203  0195  298E               	goto	l947
  1204  0196                     __end_of_i2c_wait:	
  1205                           
  1206                           	psect	text8
  1207  019E                     __ptext8:	
  1208 ;; *************** function _i2c_enable *****************
  1209 ;; Defined at:
  1210 ;;		line 46 in file "main.c"
  1211 ;; Parameters:    Size  Location     Type
  1212 ;;		None
  1213 ;; Auto vars:     Size  Location     Type
  1214 ;;		None
  1215 ;; Return value:  Size  Location     Type
  1216 ;;                  1    wreg      void 
  1217 ;; Registers used:
  1218 ;;		wreg, status,2
  1219 ;; Tracked objects:
  1220 ;;		On entry : 0/0
  1221 ;;		On exit  : 0/0
  1222 ;;		Unchanged: 0/0
  1223 ;; Data sizes:     COMMON   BANK0   BANK1
  1224 ;;      Params:         0       0       0
  1225 ;;      Locals:         0       0       0
  1226 ;;      Temps:          0       0       0
  1227 ;;      Totals:         0       0       0
  1228 ;;Total ram usage:        0 bytes
  1229 ;; Hardware stack levels used:    1
  1230 ;; Hardware stack levels required when called:    3
  1231 ;; This function calls:
  1232 ;;		Nothing
  1233 ;; This function is called by:
  1234 ;;		_main
  1235 ;; This function uses a non-reentrant model
  1236 ;;
  1237                           
  1238                           
  1239                           ;psect for function _i2c_enable
  1240  019E                     _i2c_enable:	
  1241                           
  1242                           ;main.c: 48: SSP1STAT = 0b00000000;
  1243                           
  1244                           ;incstack = 0
  1245                           ; Regs used in _i2c_enable: [wreg+status,2]
  1246  019E  0024               	movlb	4	; select bank4
  1247  019F  0194               	clrf	20	;volatile
  1248                           
  1249                           ;main.c: 49: SSP1ADD = 19;
  1250  01A0  3013               	movlw	19
  1251  01A1  0092               	movwf	18	;volatile
  1252                           
  1253                           ;main.c: 50: SSP1CON1 = 0b00101000;
  1254  01A2  3028               	movlw	40
  1255  01A3  0095               	movwf	21	;volatile
  1256  01A4  0008               	return
  1257  01A5                     __end_of_i2c_enable:	
  1258                           
  1259                           	psect	text9
  1260  01B7                     __ptext9:	
  1261 ;; *************** function _i2c_disable *****************
  1262 ;; Defined at:
  1263 ;;		line 54 in file "main.c"
  1264 ;; Parameters:    Size  Location     Type
  1265 ;;		None
  1266 ;; Auto vars:     Size  Location     Type
  1267 ;;		None
  1268 ;; Return value:  Size  Location     Type
  1269 ;;                  1    wreg      void 
  1270 ;; Registers used:
  1271 ;;		wreg
  1272 ;; Tracked objects:
  1273 ;;		On entry : 0/0
  1274 ;;		On exit  : 0/0
  1275 ;;		Unchanged: 0/0
  1276 ;; Data sizes:     COMMON   BANK0   BANK1
  1277 ;;      Params:         0       0       0
  1278 ;;      Locals:         0       0       0
  1279 ;;      Temps:          0       0       0
  1280 ;;      Totals:         0       0       0
  1281 ;;Total ram usage:        0 bytes
  1282 ;; Hardware stack levels used:    1
  1283 ;; Hardware stack levels required when called:    3
  1284 ;; This function calls:
  1285 ;;		Nothing
  1286 ;; This function is called by:
  1287 ;;		_main
  1288 ;; This function uses a non-reentrant model
  1289 ;;
  1290                           
  1291                           
  1292                           ;psect for function _i2c_disable
  1293  01B7                     _i2c_disable:	
  1294                           
  1295                           ;main.c: 56: SSP1CON1 = 0b00001000;
  1296                           
  1297                           ;incstack = 0
  1298                           ; Regs used in _i2c_disable: [wreg]
  1299  01B7  3008               	movlw	8
  1300  01B8  0024               	movlb	4	; select bank4
  1301  01B9  0095               	movwf	21	;volatile
  1302  01BA  0008               	return
  1303  01BB                     __end_of_i2c_disable:	
  1304                           
  1305                           	psect	intentry
  1306  0004                     __pintentry:	
  1307 ;; *************** function _InterTimer *****************
  1308 ;; Defined at:
  1309 ;;		line 153 in file "main.c"
  1310 ;; Parameters:    Size  Location     Type
  1311 ;;		None
  1312 ;; Auto vars:     Size  Location     Type
  1313 ;;		None
  1314 ;; Return value:  Size  Location     Type
  1315 ;;                  1    wreg      void 
  1316 ;; Registers used:
  1317 ;;		wreg, status,2, status,0, pclath, cstack
  1318 ;; Tracked objects:
  1319 ;;		On entry : 0/0
  1320 ;;		On exit  : 0/0
  1321 ;;		Unchanged: 0/0
  1322 ;; Data sizes:     COMMON   BANK0   BANK1
  1323 ;;      Params:         0       0       0
  1324 ;;      Locals:         0       0       0
  1325 ;;      Temps:          1       0       0
  1326 ;;      Totals:         1       0       0
  1327 ;;Total ram usage:        1 bytes
  1328 ;; Hardware stack levels used:    1
  1329 ;; Hardware stack levels required when called:    2
  1330 ;; This function calls:
  1331 ;;		i1_i2c_read_byte
  1332 ;; This function is called by:
  1333 ;;		Interrupt level 1
  1334 ;; This function uses a non-reentrant model
  1335 ;;
  1336                           
  1337  0004                     _InterTimer:	
  1338                           
  1339                           ;incstack = 0
  1340  0004  147E               	bsf	126,0	;set compiler interrupt flag (level 1)
  1341                           
  1342                           ; Regs used in _InterTimer: [wreg+status,2+status,0+pclath+cstack]
  1343  0005  3180               	pagesel	$
  1344  0006  0020               	movlb	0	; select bank0
  1345  0007  087F               	movf	127,w
  1346  0008  00F4               	movwf	??_InterTimer
  1347                           
  1348                           ;main.c: 155: if (TMR0IF == 1) {
  1349  0009  1D0B               	btfss	11,2	;volatile
  1350  000A  2824               	goto	i1l108
  1351                           
  1352                           ;main.c: 156: TMR0 = 10;
  1353  000B  300A               	movlw	10
  1354  000C  0095               	movwf	21	;volatile
  1355                           
  1356                           ;main.c: 157: TMR0IF = 0;
  1357  000D  110B               	bcf	11,2	;volatile
  1358                           
  1359                           ;main.c: 158: if (snd_pos < snd_max) {
  1360  000E  082D               	movf	_snd_max+1,w
  1361  000F  0278               	subwf	_snd_pos+1,w
  1362  0010  1D03               	skipz
  1363  0011  2814               	goto	u21_25
  1364  0012  082C               	movf	_snd_max,w
  1365  0013  0277               	subwf	_snd_pos,w
  1366  0014                     u21_25:	
  1367  0014  1803               	skipnc
  1368  0015  2822               	goto	i1l887
  1369                           
  1370                           ;main.c: 159: CCPR1L = i2c_read_byte(1);
  1371  0016  3001               	movlw	1
  1372  0017  00F0               	movwf	i1i2c_read_byte@ack
  1373  0018  3000               	movlw	0
  1374  0019  00F1               	movwf	i1i2c_read_byte@ack+1
  1375  001A  2168               	fcall	i1_i2c_read_byte
  1376  001B  0025               	movlb	5	; select bank5
  1377  001C  0091               	movwf	17	;volatile
  1378                           
  1379                           ;main.c: 160: snd_pos++;
  1380  001D  3001               	movlw	1
  1381  001E  07F7               	addwf	_snd_pos,f
  1382  001F  3000               	movlw	0
  1383  0020  3DF8               	addwfc	_snd_pos+1,f
  1384                           
  1385                           ;main.c: 161: } else {
  1386  0021  2824               	goto	i1l108
  1387  0022                     i1l887:	
  1388                           
  1389                           ;main.c: 162: CCPR1L = 0;
  1390  0022  0025               	movlb	5	; select bank5
  1391  0023  0191               	clrf	17	;volatile
  1392  0024                     i1l108:	
  1393  0024  0874               	movf	??_InterTimer,w
  1394  0025  0020               	movlb	0	; select bank0
  1395  0026  00FF               	movwf	127
  1396  0027  107E               	bcf	126,0	;clear compiler interrupt flag (level 1)
  1397  0028  0009               	retfie
  1398  0029                     __end_of_InterTimer:	
  1399                           
  1400                           	psect	text11
  1401  0168                     __ptext11:	
  1402 ;; *************** function i1_i2c_read_byte *****************
  1403 ;; Defined at:
  1404 ;;		line 94 in file "main.c"
  1405 ;; Parameters:    Size  Location     Type
  1406 ;;  ack             2    0[COMMON] unsigned int 
  1407 ;; Auto vars:     Size  Location     Type
  1408 ;;  i2c_read_byt    1    3[COMMON] unsigned char 
  1409 ;; Return value:  Size  Location     Type
  1410 ;;                  1    wreg      unsigned char 
  1411 ;; Registers used:
  1412 ;;		wreg, status,2, status,0, pclath, cstack
  1413 ;; Tracked objects:
  1414 ;;		On entry : 0/0
  1415 ;;		On exit  : 0/0
  1416 ;;		Unchanged: 0/0
  1417 ;; Data sizes:     COMMON   BANK0   BANK1
  1418 ;;      Params:         2       0       0
  1419 ;;      Locals:         1       0       0
  1420 ;;      Temps:          1       0       0
  1421 ;;      Totals:         4       0       0
  1422 ;;Total ram usage:        4 bytes
  1423 ;; Hardware stack levels used:    1
  1424 ;; Hardware stack levels required when called:    1
  1425 ;; This function calls:
  1426 ;;		i1_i2c_wait
  1427 ;; This function is called by:
  1428 ;;		_InterTimer
  1429 ;; This function uses a non-reentrant model
  1430 ;;
  1431                           
  1432                           
  1433                           ;psect for function i1_i2c_read_byte
  1434  0168                     i1_i2c_read_byte:	
  1435                           
  1436                           ;main.c: 96: SSP1CON2bits.RCEN = 1;
  1437                           
  1438                           ;incstack = 0
  1439                           ; Regs used in i1_i2c_read_byte: [wreg+status,2+status,0+pclath+cstack]
  1440  0168  0024               	movlb	4	; select bank4
  1441  0169  1596               	bsf	22,3	;volatile
  1442                           
  1443                           ;main.c: 97: i2c_wait();
  1444  016A  2196               	fcall	i1_i2c_wait
  1445                           
  1446                           ;main.c: 98: unsigned char data = SSP1BUF;
  1447  016B  0024               	movlb	4	; select bank4
  1448  016C  0811               	movf	17,w	;volatile
  1449  016D  00F2               	movwf	??i1_i2c_read_byte
  1450  016E  0872               	movf	??i1_i2c_read_byte,w
  1451  016F  00F3               	movwf	i1i2c_read_byte@data
  1452                           
  1453                           ;main.c: 99: i2c_wait();
  1454  0170  2196               	fcall	i1_i2c_wait
  1455                           
  1456                           ;main.c: 101: if(ack) SSP1CON2bits.ACKDT = 0;
  1457  0171  0870               	movf	i1i2c_read_byte@ack,w
  1458  0172  0471               	iorwf	i1i2c_read_byte@ack+1,w
  1459  0173  1903               	btfsc	3,2
  1460  0174  2978               	goto	i1l95
  1461  0175  0024               	movlb	4	; select bank4
  1462  0176  1296               	bcf	22,5	;volatile
  1463  0177  297A               	goto	i1l96
  1464  0178                     i1l95:	
  1465                           
  1466                           ;main.c: 102: else SSP1CON2bits.ACKDT = 1;
  1467  0178  0024               	movlb	4	; select bank4
  1468  0179  1696               	bsf	22,5	;volatile
  1469  017A                     i1l96:	
  1470                           
  1471                           ;main.c: 104: SSP1CON2bits.ACKEN = 1;
  1472  017A  1616               	bsf	22,4	;volatile
  1473                           
  1474                           ;main.c: 106: i2c_wait();
  1475  017B  2196               	fcall	i1_i2c_wait
  1476                           
  1477                           ;main.c: 107: return data;
  1478  017C  0873               	movf	i1i2c_read_byte@data,w
  1479  017D  0008               	return
  1480  017E                     __end_ofi1_i2c_read_byte:	
  1481                           
  1482                           	psect	text12
  1483  0196                     __ptext12:	
  1484 ;; *************** function i1_i2c_wait *****************
  1485 ;; Defined at:
  1486 ;;		line 60 in file "main.c"
  1487 ;; Parameters:    Size  Location     Type
  1488 ;;		None
  1489 ;; Auto vars:     Size  Location     Type
  1490 ;;		None
  1491 ;; Return value:  Size  Location     Type
  1492 ;;                  1    wreg      void 
  1493 ;; Registers used:
  1494 ;;		wreg, status,2
  1495 ;; Tracked objects:
  1496 ;;		On entry : 0/0
  1497 ;;		On exit  : 0/0
  1498 ;;		Unchanged: 0/0
  1499 ;; Data sizes:     COMMON   BANK0   BANK1
  1500 ;;      Params:         0       0       0
  1501 ;;      Locals:         0       0       0
  1502 ;;      Temps:          0       0       0
  1503 ;;      Totals:         0       0       0
  1504 ;;Total ram usage:        0 bytes
  1505 ;; Hardware stack levels used:    1
  1506 ;; This function calls:
  1507 ;;		Nothing
  1508 ;; This function is called by:
  1509 ;;		i1_i2c_read_byte
  1510 ;; This function uses a non-reentrant model
  1511 ;;
  1512                           
  1513                           
  1514                           ;psect for function i1_i2c_wait
  1515  0196                     i1_i2c_wait:	
  1516  0196                     i1l803:	
  1517                           ;main.c: 62: while ( ( SSP1CON2 & 0x1F ) || ( SSP1STATbits.R_nW ) );
  1518                           
  1519                           ;incstack = 0
  1520                           ; Regs used in i1_i2c_wait: [wreg+status,2]
  1521                           
  1522  0196  0024               	movlb	4	; select bank4
  1523  0197  0816               	movf	22,w	;volatile
  1524  0198  391F               	andlw	31
  1525  0199  1D03               	btfss	3,2
  1526  019A  2996               	goto	i1l803
  1527  019B  1D14               	btfss	20,2	;volatile
  1528  019C  0008               	return
  1529  019D  2996               	goto	i1l803
  1530  019E                     __end_ofi1_i2c_wait:	
  1531  007E                     btemp	set	126	;btemp
  1532  007E                     int$flags	set	126
  1533  007E                     wtemp	set	126
  1534  007E                     wtemp0	set	126
  1535  0080                     wtemp1	set	128
  1536  0082                     wtemp2	set	130
  1537  0084                     wtemp3	set	132
  1538  0086                     wtemp4	set	134
  1539  0088                     wtemp5	set	136
  1540  007F                     wtemp6	set	127
  1541  007E                     ttemp	set	126
  1542  007E                     ttemp0	set	126
  1543  0081                     ttemp1	set	129
  1544  0084                     ttemp2	set	132
  1545  0087                     ttemp3	set	135
  1546  007F                     ttemp4	set	127
  1547  007E                     ltemp	set	126
  1548  007E                     ltemp0	set	126
  1549  0082                     ltemp1	set	130
  1550  0086                     ltemp2	set	134
  1551  0080                     ltemp3	set	128


Data Sizes:
    Strings     0
    Constant    16
    Data        2
    BSS         0
    Persistent  4
    Stack       0

Auto Spaces:
    Space          Size  Autos    Used
    COMMON           14      7       9
    BANK0            80     12      16
    BANK1            32      0       0

Pointer List with Targets:

    None.

Critical Paths under _main in COMMON

    _play_sound->_i2c_read_byte

Critical Paths under _InterTimer in COMMON

    _InterTimer->i1_i2c_read_byte

Critical Paths under _main in BANK0

    _main->_play_sound
    _play_sound->_i2c_read_byte

Critical Paths under _InterTimer in BANK0

    None.

Critical Paths under _main in BANK1

    None.

Critical Paths under _InterTimer in BANK1

    None.

Call Graph Tables:

 ---------------------------------------------------------------------------------
 (Depth) Function   	        Calls       Base Space   Used Autos Params    Refs
 ---------------------------------------------------------------------------------
 (0) _main                                                 3     3      0     547
                                              9 BANK0      3     3      0
                        _i2c_disable
                         _i2c_enable
                         _play_sound
 ---------------------------------------------------------------------------------
 (1) _play_sound                                           7     5      2     547
                                              2 BANK0      7     5      2
                      _i2c_read_byte
                   _i2c_repeat_start
                      _i2c_send_byte
                          _i2c_start
                           _i2c_stop
 ---------------------------------------------------------------------------------
 (2) _i2c_stop                                             0     0      0       0
                           _i2c_wait
 ---------------------------------------------------------------------------------
 (2) _i2c_start                                            0     0      0       0
                           _i2c_wait
 ---------------------------------------------------------------------------------
 (2) _i2c_send_byte                                        1     1      0      31
                                              5 COMMON     1     1      0
                           _i2c_wait
 ---------------------------------------------------------------------------------
 (2) _i2c_repeat_start                                     0     0      0       0
                           _i2c_wait
 ---------------------------------------------------------------------------------
 (2) _i2c_read_byte                                        4     2      2     160
                                              5 COMMON     2     0      2
                                              0 BANK0      2     2      0
                           _i2c_wait
 ---------------------------------------------------------------------------------
 (3) _i2c_wait                                             0     0      0       0
 ---------------------------------------------------------------------------------
 (1) _i2c_enable                                           0     0      0       0
 ---------------------------------------------------------------------------------
 (1) _i2c_disable                                          0     0      0       0
 ---------------------------------------------------------------------------------
 Estimated maximum stack depth 3
 ---------------------------------------------------------------------------------
 (Depth) Function   	        Calls       Base Space   Used Autos Params    Refs
 ---------------------------------------------------------------------------------
 (4) _InterTimer                                           1     1      0      71
                                              4 COMMON     1     1      0
                    i1_i2c_read_byte
 ---------------------------------------------------------------------------------
 (5) i1_i2c_read_byte                                      4     2      2      71
                                              0 COMMON     4     2      2
                         i1_i2c_wait
 ---------------------------------------------------------------------------------
 (6) i1_i2c_wait                                           0     0      0       0
 ---------------------------------------------------------------------------------
 Estimated maximum stack depth 6
 ---------------------------------------------------------------------------------

 Call Graph Graphs:

 _main (ROOT)
   _i2c_disable
   _i2c_enable
   _play_sound
     _i2c_read_byte
       _i2c_wait
     _i2c_repeat_start
       _i2c_wait
     _i2c_send_byte
       _i2c_wait
     _i2c_start
       _i2c_wait
     _i2c_stop
       _i2c_wait

 _InterTimer (ROOT)
   i1_i2c_read_byte
     i1_i2c_wait

 Address spaces:
Name               Size   Autos  Total    Cost      Usage
BIGRAM              70      0       0       0        0.0%
EEDATA             100      0       0       0        0.0%
NULL                 0      0       0       0        0.0%
CODE                 0      0       0       0        0.0%
BITCOMMON            E      0       0       1        0.0%
BITSFR0              0      0       0       1        0.0%
SFR0                 0      0       0       1        0.0%
COMMON               E      7       9       2       64.3%
BITSFR1              0      0       0       2        0.0%
SFR1                 0      0       0       2        0.0%
BITSFR2              0      0       0       3        0.0%
SFR2                 0      0       0       3        0.0%
STACK                0      0       0       3        0.0%
BITSFR3              0      0       0       4        0.0%
SFR3                 0      0       0       4        0.0%
ABS                  0      0      19       4        0.0%
BITBANK0            50      0       0       5        0.0%
BITSFR4              0      0       0       5        0.0%
SFR4                 0      0       0       5        0.0%
BANK0               50      C      10       6       20.0%
BITSFR5              0      0       0       6        0.0%
SFR5                 0      0       0       6        0.0%
BITBANK1            20      0       0       7        0.0%
BITSFR6              0      0       0       7        0.0%
SFR6                 0      0       0       7        0.0%
BANK1               20      0       0       8        0.0%
BITSFR7              0      0       0       8        0.0%
SFR7                 0      0       0       8        0.0%
BITSFR8              0      0       0       9        0.0%
SFR8                 0      0       0       9        0.0%
DATA                 0      0      19       9        0.0%
BITSFR9              0      0       0      10        0.0%
SFR9                 0      0       0      10        0.0%
BITSFR10             0      0       0      11        0.0%
SFR10                0      0       0      11        0.0%
BITSFR11             0      0       0      12        0.0%
SFR11                0      0       0      12        0.0%
BITSFR12             0      0       0      13        0.0%
SFR12                0      0       0      13        0.0%
BITSFR13             0      0       0      14        0.0%
SFR13                0      0       0      14        0.0%
BITSFR14             0      0       0      15        0.0%
SFR14                0      0       0      15        0.0%
BITSFR15             0      0       0      16        0.0%
SFR15                0      0       0      16        0.0%
BITSFR16             0      0       0      17        0.0%
SFR16                0      0       0      17        0.0%
BITSFR17             0      0       0      18        0.0%
SFR17                0      0       0      18        0.0%
BITSFR18             0      0       0      19        0.0%
SFR18                0      0       0      19        0.0%
BITSFR19             0      0       0      20        0.0%
SFR19                0      0       0      20        0.0%
BITSFR20             0      0       0      21        0.0%
SFR20                0      0       0      21        0.0%
BITSFR21             0      0       0      22        0.0%
SFR21                0      0       0      22        0.0%
BITSFR22             0      0       0      23        0.0%
SFR22                0      0       0      23        0.0%
BITSFR23             0      0       0      24        0.0%
SFR23                0      0       0      24        0.0%
BITSFR24             0      0       0      25        0.0%
SFR24                0      0       0      25        0.0%
BITSFR25             0      0       0      26        0.0%
SFR25                0      0       0      26        0.0%
BITSFR26             0      0       0      27        0.0%
SFR26                0      0       0      27        0.0%
BITSFR27             0      0       0      28        0.0%
SFR27                0      0       0      28        0.0%
BITSFR28             0      0       0      29        0.0%
SFR28                0      0       0      29        0.0%
BITSFR29             0      0       0      30        0.0%
SFR29                0      0       0      30        0.0%
BITSFR30             0      0       0      31        0.0%
SFR30                0      0       0      31        0.0%
BITSFR31             0      0       0      32        0.0%
SFR31                0      0       0      32        0.0%


Microchip Technology PIC Macro Assembler V1.38 build -256452561 
Symbol Table                                                                                   Fri Jan 13 03:41:00 2017

              __CFG_CP$OFF 0000                         l95 0161                         l96 0163  
                      l947 018E                        l995 0062                        _GIE 005F  
                      l997 0065                        _RA0 0060                        _RA3 0063  
                      _RA4 0064                        _PR2 001B                        u407 00B2  
                      u327 0124                        u417 00BD                        u337 0149  
             __CFG_CPD$OFF 0000                        u427 00C9                        u347 003E  
                      u437 00E5                        u357 004E                        u367 005B  
                      u377 008C                        u387 0098                        u397 00A5  
             __CFG_BORV$LO 0000               __CFG_LVP$OFF 0000                       l1071 0132  
                     l1075 013A                       l1067 012B                       l1079 0142  
                     i1l95 0178                       i1l96 017A                       _TMR0 0015  
                     _TMR2 001A                       _WPUA 020C               __CFG_WRT$OFF 0000  
            ??_i2c_disable 0075              _i2c_read_byte 0150                       _main 00EC  
                     fsr0h 0005                       fsr0l 0004                       indf0 0000  
                     btemp 007E              __CFG_BOREN$ON 0000                       ltemp 007E  
                     start 0029                       ttemp 007E                       wtemp 007E  
            __CFG_IESO$OFF 0000          ?_i2c_repeat_start 0070              _i2c_send_byte 01A5  
       ??_i2c_repeat_start 0075              __CFG_PLLEN$ON 0000                      ?_main 0070  
            __CFG_WDTE$OFF 0000                      _T2CON 001C                      i1l108 0024  
                    i1l803 0196                      i1l887 0022                      u21_25 0014  
                    _PORTA 000C                      _TRISA 008C              __CFG_PWRTE$ON 0000  
           __CFG_FCMEN$OFF 0000                ?i1_i2c_wait 0070                      ltemp0 007E  
                    ltemp1 0082                      ltemp2 0086                      ltemp3 0080  
           ?_i2c_read_byte 0075            __end_of_rom_len 0186            __end_of_rom_pos 018E  
                    ttemp0 007E                      ttemp1 0081                      ttemp2 0084  
                    ttemp3 0087                      ttemp4 007F                      status 0003  
                    wtemp0 007E                      wtemp1 0080                      wtemp2 0082  
                    wtemp3 0084                      wtemp4 0086                      wtemp5 0088  
                    wtemp6 007F                 _i2c_enable 019E             __CFG_MCLRE$OFF 0000  
           ?_i2c_send_byte 0070            __initialization 002A        __end_of_i2c_disable 01BB  
             __end_of_main 0150           __end_of_i2c_wait 0196           __end_of_i2c_stop 01AF  
                   ??_main 0029                 _InterTimer 0004         i1i2c_read_byte@ack 0070  
                   _CCPR1H 0292                     _CCPR1L 0291                     _ANSELA 018C  
                   _OSCCON 0099                     _TMR0IE 005D                     _TMR0IF 005A  
                   _TMR2ON 00E2         __size_of_i2c_start 0004            i1_i2c_read_byte 0168  
           __CFG_STVREN$ON 0000        __size_ofi1_i2c_wait 0008            ??_i2c_read_byte 0020  
  __end_of__initialization 002E                _i2c_disable 01B7            ??_i2c_send_byte 0075  
              ?_i2c_enable 0070             __pcstackCOMMON 0070               __pidataBANK0 01BB  
              ?_InterTimer 0070          __end_of_i2c_start 01B3                  ?_i2c_wait 0070  
  __end_ofi1_i2c_read_byte 017E                  ?_i2c_stop 0070                 __pnvCOMMON 0077  
               __pmaintext 00EC                 __pintentry 0004                    _CCP1CON 0293  
      i1i2c_read_byte@data 0073                    _CCP1SEL 08E8  __size_of_i2c_repeat_start 0004  
      __size_of_i2c_enable 0007                    _SSP1ADD 0212                    _SSP1BUF 0211  
             ??i1_i2c_wait 0070                 ??_i2c_wait 0075                 ??_i2c_stop 0075  
      __size_of_InterTimer 0025         __end_ofi1_i2c_wait 019E                    __ptext1 0031  
                  __ptext2 01AB                    __ptext3 01AF                    __ptext4 01A5  
                  __ptext5 01B3                    __ptext6 0150                    __ptext7 018E  
                  __ptext8 019E                    __ptext9 01B7                    _flg_fst 002E  
                  _snd_max 002C                    _snd_pos 0077                    _rom_len 017E  
                  _rom_pos 0186       end_of_initialization 002E           ?i1_i2c_read_byte 0070  
               _play_sound 0031               __pstringtext 017E           __CFG_FOSC$INTOSC 0000  
             ?_i2c_disable 0070               ??_i2c_enable 0075           play_sound@addr_h 0027  
         play_sound@addr_l 0028               ??_InterTimer 0074          i2c_send_byte@data 0075  
         _i2c_repeat_start 01B3        start_initialization 002A         __end_of_i2c_enable 01A5  
                _i2c_start 01AF              play_sound@sel 0022      __end_of_i2c_read_byte 0168  
              ?_play_sound 0022          __size_of_i2c_wait 0008          __size_of_i2c_stop 0004  
       __end_of_InterTimer 0029      __end_of_i2c_send_byte 01AB                __pdataBANK0 002E  
                ___latbits 0000              __pcstackBANK0 0020                 ?_i2c_start 0070  
                __pnvBANK0 002C        __size_of_play_sound 00BB       __size_of_i2c_disable 0004  
                 _SSP1CON1 0215                   _SSP1CON2 0216                   _SSP1STAT 0214  
              ??_i2c_start 0075                   _i2c_wait 018E                   _i2c_stop 01AB  
 __end_of_i2c_repeat_start 01B7   __size_ofi1_i2c_read_byte 0016                   __ptext11 0168  
                 __ptext12 0196               _SSP1CON2bits 0216              __size_of_main 0064  
             ??_play_sound 0024                   int$flags 007E               _SSP1STATbits 0214  
       __end_of_play_sound 00EC                   intlevel1 0000          __CFG_CLKOUTEN$OFF 0000  
   __size_of_i2c_read_byte 0018                 _OPTION_REG 0095          ??i1_i2c_read_byte 0072  
   __size_of_i2c_send_byte 0006                 i1_i2c_wait 0196          i2c_read_byte@data 0021  
         i2c_read_byte@ack 0075  
